{"name":"loginWithoutPassword","id":"com.features.LoginTest:loginWithoutPassword","testCaseName":"com.features.LoginTest","testSteps":[{"number":1,"description":"Navigate to login","duration":14212,"startTime":"2017-09-05T22:59:33.317+03:00[Europe/Athens]","screenshots":[{"screenshot":"ffd97afdeae2d9eddfb1e4525cfa1c16bed1bb06e086c8a85fe079a4de93d14e.png"}],"result":"SUCCESS","precondition":false},{"number":2,"description":"Set user name: sana.adela@gmail.com","duration":1623,"startTime":"2017-09-05T22:59:47.555+03:00[Europe/Athens]","screenshots":[{"screenshot":"2ac5c5380a0dd5edb67e1041c9450185ba4e99c5a47be1ac9c8e4ca52cff7125.png"}],"result":"SUCCESS","precondition":false},{"number":3,"description":"Click on continue","duration":1534,"startTime":"2017-09-05T22:59:49.180+03:00[Europe/Athens]","screenshots":[{"screenshot":"f1b90e63b3a1e1627de450f8f2292e61233ba883788497e8a54f14a78c89c6b0.png"},{"screenshot":"21cf403be63acde68d81587216807f35e80c83550fed158efdf24e9c84c81ce3.png"}],"result":"SUCCESS","precondition":false},{"number":4,"description":"Check not logged in: Adela Cheta","duration":9133,"startTime":"2017-09-05T22:59:50.715+03:00[Europe/Athens]","screenshots":[{"screenshot":"ad72a445d3e2cf433123c966269a829c1948e885fa478c935a1ec39fa8cf4de8.png"},{"screenshot":"ad72a445d3e2cf433123c966269a829c1948e885fa478c935a1ec39fa8cf4de8.png","htmlSource":"pagesource6608859801151174608.html.txt"}],"exception":{"errorType":"net.thucydides.core.webdriver.exceptions.ElementShouldBePresentException","message":"Expected condition failed: waiting for HomePage.detailsForm to be present (tried for 5 second(s) with 100 MILLISECONDS interval)\nBuild info: version: \u00273.4.0\u0027, revision: \u0027unknown\u0027, time: \u0027unknown\u0027\nSystem info: host: \u0027CALIN-PC\u0027, ip: \u0027192.168.0.11\u0027, os.name: \u0027Windows 7\u0027, os.arch: \u0027amd64\u0027, os.version: \u00276.1\u0027, java.version: \u00271.8.0_131\u0027\nDriver info: driver.version: unknown","stackTrace":[{"declaringClass":"com.pages.HomePage","methodName":"checkUserName","fileName":"HomePage.java","lineNumber":20},{"declaringClass":"com.steps.serenity.LoginSteps","methodName":"checkNotLoggedIn","fileName":"LoginSteps.java","lineNumber":44},{"declaringClass":"com.features.LoginTest","methodName":"loginWithoutPassword","fileName":"LoginTest.java","lineNumber":36}],"rootCause":{"errorType":"org.openqa.selenium.TimeoutException","message":"Expected condition failed: waiting for HomePage.detailsForm to be present (tried for 5 second(s) with 100 MILLISECONDS interval)\nBuild info: version: \u00273.4.0\u0027, revision: \u0027unknown\u0027, time: \u0027unknown\u0027\nSystem info: host: \u0027CALIN-PC\u0027, ip: \u0027192.168.0.11\u0027, os.name: \u0027Windows 7\u0027, os.arch: \u0027amd64\u0027, os.version: \u00276.1\u0027, java.version: \u00271.8.0_131\u0027\nDriver info: driver.version: unknown","stackTrace":[{"declaringClass":"com.pages.HomePage","methodName":"checkUserName","fileName":"HomePage.java","lineNumber":20},{"declaringClass":"com.steps.serenity.LoginSteps","methodName":"checkNotLoggedIn","fileName":"LoginSteps.java","lineNumber":44},{"declaringClass":"com.features.LoginTest","methodName":"loginWithoutPassword","fileName":"LoginTest.java","lineNumber":36}]}},"result":"FAILURE","precondition":false}],"userStory":{"id":"com.features.LoginTest","storyName":"Login test","storyClassName":"com.features.LoginTest","path":"com.features","type":"story"},"featureTag":{"name":"Features/Login test","type":"story"},"title":"Login without password","tags":[{"name":"Features/Login test","type":"story"}],"startTime":"2017-09-05T22:59:32.237+03:00[Europe/Athens]","duration":27655,"testFailureCause":{"errorType":"net.thucydides.core.webdriver.exceptions.ElementShouldBePresentException","message":"Expected condition failed: waiting for HomePage.detailsForm to be present (tried for 5 second(s) with 100 MILLISECONDS interval)\nBuild info: version: \u00273.4.0\u0027, revision: \u0027unknown\u0027, time: \u0027unknown\u0027\nSystem info: host: \u0027CALIN-PC\u0027, ip: \u0027192.168.0.11\u0027, os.name: \u0027Windows 7\u0027, os.arch: \u0027amd64\u0027, os.version: \u00276.1\u0027, java.version: \u00271.8.0_131\u0027\nDriver info: driver.version: unknown\nBuild info: version: \u00273.4.0\u0027, revision: \u0027unknown\u0027, time: \u0027unknown\u0027\nSystem info: host: \u0027CALIN-PC\u0027, ip: \u0027192.168.0.11\u0027, os.name: \u0027Windows 7\u0027, os.arch: \u0027amd64\u0027, os.version: \u00276.1\u0027, java.version: \u00271.8.0_131\u0027\nDriver info: driver.version: unknown","stackTrace":[{"declaringClass":"com.pages.HomePage","methodName":"checkUserName","fileName":"HomePage.java","lineNumber":20},{"declaringClass":"com.steps.serenity.LoginSteps","methodName":"checkNotLoggedIn","fileName":"LoginSteps.java","lineNumber":44},{"declaringClass":"com.features.LoginTest","methodName":"loginWithoutPassword","fileName":"LoginTest.java","lineNumber":36}]},"testFailureClassname":"net.thucydides.core.webdriver.exceptions.ElementShouldBePresentException","testFailureMessage":"Expected condition failed: waiting for HomePage.detailsForm to be present (tried for 5 second(s) with 100 MILLISECONDS interval)\nBuild info: version: \u00273.4.0\u0027, revision: \u0027unknown\u0027, time: \u0027unknown\u0027\nSystem info: host: \u0027CALIN-PC\u0027, ip: \u0027192.168.0.11\u0027, os.name: \u0027Windows 7\u0027, os.arch: \u0027amd64\u0027, os.version: \u00276.1\u0027, java.version: \u00271.8.0_131\u0027\nDriver info: driver.version: unknown\nBuild info: version: \u00273.4.0\u0027, revision: \u0027unknown\u0027, time: \u0027unknown\u0027\nSystem info: host: \u0027CALIN-PC\u0027, ip: \u0027192.168.0.11\u0027, os.name: \u0027Windows 7\u0027, os.arch: \u0027amd64\u0027, os.version: \u00276.1\u0027, java.version: \u00271.8.0_131\u0027\nDriver info: driver.version: unknown","testFailureSummary":"FAILURE;net.thucydides.core.webdriver.exceptions.ElementShouldBePresentException;Expected condition failed: waiting for HomePage.detailsForm to be present (tried for 5 second(s) with 100 MILLISECONDS interval)\nBuild info: version: \u00273.4.0\u0027, revision: \u0027unknown\u0027, time: \u0027unknown\u0027\nSystem info: host: \u0027CALIN-PC\u0027, ip: \u0027192.168.0.11\u0027, os.name: \u0027Windows 7\u0027, os.arch: \u0027amd64\u0027, os.version: \u00276.1\u0027, java.version: \u00271.8.0_131\u0027\nDriver info: driver.version: unknown\nBuild info: version: \u00273.4.0\u0027, revision: \u0027unknown\u0027, time: \u0027unknown\u0027\nSystem info: host: \u0027CALIN-PC\u0027, ip: \u0027192.168.0.11\u0027, os.name: \u0027Windows 7\u0027, os.arch: \u0027amd64\u0027, os.version: \u00276.1\u0027, java.version: \u00271.8.0_131\u0027\nDriver info: driver.version: unknown;HomePage.java","projectKey":"","annotatedResult":"FAILURE","sessionId":"10ceae9a827c32a3f43ef94b293ed552","driver":"chrome","manual":false,"testSource":"JUnit","result":"FAILURE"}